  [1m[35m (2.9ms)[0m  [1m[34mSELECT sqlite_version(*)[0m
  [1m[35m (1.8ms)[0m  [1m[35mCREATE TABLE "schema_migrations" ("version" varchar NOT NULL PRIMARY KEY)[0m
  [1m[35m (1.1ms)[0m  [1m[35mCREATE TABLE "ar_internal_metadata" ("key" varchar NOT NULL PRIMARY KEY, "value" varchar, "created_at" datetime(6) NOT NULL, "updated_at" datetime(6) NOT NULL)[0m
  [1m[35m (0.2ms)[0m  [1m[34mSELECT "schema_migrations"."version" FROM "schema_migrations" ORDER BY "schema_migrations"."version" ASC[0m
Migrating to CreateUsers (20200115171219)
  [1m[35m (0.2ms)[0m  [1m[36mbegin transaction[0m
  [1m[35m (0.6ms)[0m  [1m[35mCREATE TABLE "users" ("id" integer PRIMARY KEY AUTOINCREMENT NOT NULL, "name" varchar, "created_at" datetime(6) NOT NULL, "updated_at" datetime(6) NOT NULL)[0m
  [1m[36mprimary::SchemaMigration Create (0.2ms)[0m  [1m[32mINSERT INTO "schema_migrations" ("version") VALUES (?)[0m  [["version", "20200115171219"]]
  [1m[35m (1.1ms)[0m  [1m[36mcommit transaction[0m
Migrating to CreateRecipes (20200115171229)
  [1m[35m (0.6ms)[0m  [1m[36mbegin transaction[0m
  [1m[35m (0.5ms)[0m  [1m[35mCREATE TABLE "recipes" ("id" integer PRIMARY KEY AUTOINCREMENT NOT NULL, "name" varchar, "created_at" datetime(6) NOT NULL, "updated_at" datetime(6) NOT NULL)[0m
  [1m[36mprimary::SchemaMigration Create (0.5ms)[0m  [1m[32mINSERT INTO "schema_migrations" ("version") VALUES (?)[0m  [["version", "20200115171229"]]
  [1m[35m (1.6ms)[0m  [1m[36mcommit transaction[0m
Migrating to CreateRecipeIngredients (20200115171340)
  [1m[35m (0.1ms)[0m  [1m[36mbegin transaction[0m
  [1m[35m (0.8ms)[0m  [1m[35mCREATE TABLE "recipe_ingredients" ("id" integer PRIMARY KEY AUTOINCREMENT NOT NULL, "ingredient_id" integer, "recipe_id" integer, "created_at" datetime(6) NOT NULL, "updated_at" datetime(6) NOT NULL)[0m
  [1m[36mprimary::SchemaMigration Create (0.3ms)[0m  [1m[32mINSERT INTO "schema_migrations" ("version") VALUES (?)[0m  [["version", "20200115171340"]]
  [1m[35m (3.3ms)[0m  [1m[36mcommit transaction[0m
Migrating to CreateIngredients (20200115171350)
  [1m[35m (0.1ms)[0m  [1m[36mbegin transaction[0m
  [1m[35m (0.5ms)[0m  [1m[35mCREATE TABLE "ingredients" ("id" integer PRIMARY KEY AUTOINCREMENT NOT NULL, "name" varchar, "created_at" datetime(6) NOT NULL, "updated_at" datetime(6) NOT NULL)[0m
  [1m[36mprimary::SchemaMigration Create (0.3ms)[0m  [1m[32mINSERT INTO "schema_migrations" ("version") VALUES (?)[0m  [["version", "20200115171350"]]
  [1m[35m (3.2ms)[0m  [1m[36mcommit transaction[0m
Migrating to CreateAllergies (20200115171424)
  [1m[35m (0.1ms)[0m  [1m[36mbegin transaction[0m
  [1m[35m (0.6ms)[0m  [1m[35mCREATE TABLE "allergies" ("id" integer PRIMARY KEY AUTOINCREMENT NOT NULL, "ingredient_id" integer, "user_id" integer, "created_at" datetime(6) NOT NULL, "updated_at" datetime(6) NOT NULL)[0m
  [1m[36mprimary::SchemaMigration Create (1.3ms)[0m  [1m[32mINSERT INTO "schema_migrations" ("version") VALUES (?)[0m  [["version", "20200115171424"]]
  [1m[35m (3.4ms)[0m  [1m[36mcommit transaction[0m
  [1m[36mActiveRecord::InternalMetadata Load (0.2ms)[0m  [1m[34mSELECT "ar_internal_metadata".* FROM "ar_internal_metadata" WHERE "ar_internal_metadata"."key" = ? LIMIT ?[0m  [["key", "environment"], ["LIMIT", 1]]
  [1m[35m (0.1ms)[0m  [1m[36mbegin transaction[0m
  [1m[36mActiveRecord::InternalMetadata Create (0.6ms)[0m  [1m[32mINSERT INTO "ar_internal_metadata" ("key", "value", "created_at", "updated_at") VALUES (?, ?, ?, ?)[0m  [["key", "environment"], ["value", "development"], ["created_at", "2020-01-15 17:47:51.100286"], ["updated_at", "2020-01-15 17:47:51.100286"]]
  [1m[35m (1.6ms)[0m  [1m[36mcommit transaction[0m
  [1m[35m (0.1ms)[0m  [1m[34mSELECT sqlite_version(*)[0m
  [1m[35m (0.3ms)[0m  [1m[34mSELECT "schema_migrations"."version" FROM "schema_migrations" ORDER BY "schema_migrations"."version" ASC[0m
  [1m[35m (0.4ms)[0m  [1m[34mSELECT sqlite_version(*)[0m
  [1m[35m (0.3ms)[0m  [1m[34mSELECT "schema_migrations"."version" FROM "schema_migrations" ORDER BY "schema_migrations"."version" ASC[0m
  [1m[35m (0.1ms)[0m  [1m[34mSELECT sqlite_version(*)[0m
  [1m[36mUser Load (0.1ms)[0m  [1m[34mSELECT "users".* FROM "users"[0m
  [1m[36mRecipe Load (0.2ms)[0m  [1m[34mSELECT "recipes".* FROM "recipes"[0m
  [1m[36mRecipeIngredient Load (0.1ms)[0m  [1m[34mSELECT "recipe_ingredients".* FROM "recipe_ingredients"[0m
  [1m[36mIngredient Load (0.1ms)[0m  [1m[34mSELECT "ingredients".* FROM "ingredients"[0m
  [1m[36mAllergy Load (0.1ms)[0m  [1m[34mSELECT "allergies".* FROM "allergies"[0m
  [1m[35m (0.1ms)[0m  [1m[36mbegin transaction[0m
  [1m[36mUser Create (0.7ms)[0m  [1m[32mINSERT INTO "users" ("name", "created_at", "updated_at") VALUES (?, ?, ?)[0m  [["name", "Marija"], ["created_at", "2020-01-15 17:55:53.983031"], ["updated_at", "2020-01-15 17:55:53.983031"]]
  [1m[35m (1.9ms)[0m  [1m[36mcommit transaction[0m
  [1m[35m (0.1ms)[0m  [1m[36mbegin transaction[0m
  [1m[36mUser Create (0.6ms)[0m  [1m[32mINSERT INTO "users" ("name", "created_at", "updated_at") VALUES (?, ?, ?)[0m  [["name", "Jenny"], ["created_at", "2020-01-15 17:55:53.993520"], ["updated_at", "2020-01-15 17:55:53.993520"]]
  [1m[35m (0.8ms)[0m  [1m[36mcommit transaction[0m
  [1m[35m (0.0ms)[0m  [1m[36mbegin transaction[0m
  [1m[36mUser Create (0.3ms)[0m  [1m[32mINSERT INTO "users" ("name", "created_at", "updated_at") VALUES (?, ?, ?)[0m  [["name", "Amia"], ["created_at", "2020-01-15 17:55:54.000483"], ["updated_at", "2020-01-15 17:55:54.000483"]]
  [1m[35m (1.7ms)[0m  [1m[36mcommit transaction[0m
  [1m[35m (0.5ms)[0m  [1m[36mbegin transaction[0m
  [1m[36mIngredient Create (0.4ms)[0m  [1m[32mINSERT INTO "ingredients" ("name", "created_at", "updated_at") VALUES (?, ?, ?)[0m  [["name", "Flour"], ["created_at", "2020-01-15 17:55:54.037460"], ["updated_at", "2020-01-15 17:55:54.037460"]]
  [1m[35m (1.0ms)[0m  [1m[36mcommit transaction[0m
  [1m[35m (0.0ms)[0m  [1m[36mbegin transaction[0m
  [1m[36mIngredient Create (0.6ms)[0m  [1m[32mINSERT INTO "ingredients" ("name", "created_at", "updated_at") VALUES (?, ?, ?)[0m  [["name", "Milk"], ["created_at", "2020-01-15 17:55:54.051600"], ["updated_at", "2020-01-15 17:55:54.051600"]]
  [1m[35m (0.9ms)[0m  [1m[36mcommit transaction[0m
  [1m[35m (0.1ms)[0m  [1m[36mbegin transaction[0m
  [1m[36mIngredient Create (0.7ms)[0m  [1m[32mINSERT INTO "ingredients" ("name", "created_at", "updated_at") VALUES (?, ?, ?)[0m  [["name", "Sugar"], ["created_at", "2020-01-15 17:55:54.057642"], ["updated_at", "2020-01-15 17:55:54.057642"]]
  [1m[35m (1.4ms)[0m  [1m[36mcommit transaction[0m
  [1m[35m (0.1ms)[0m  [1m[36mbegin transaction[0m
  [1m[36mIngredient Load (0.1ms)[0m  [1m[34mSELECT "ingredients".* FROM "ingredients" WHERE "ingredients"."id" = ? LIMIT ?[0m  [["id", 3], ["LIMIT", 1]]
  [1m[35m (0.3ms)[0m  [1m[31mrollback transaction[0m
  [1m[35m (0.0ms)[0m  [1m[36mbegin transaction[0m
  [1m[36mIngredient Load (0.1ms)[0m  [1m[34mSELECT "ingredients".* FROM "ingredients" WHERE "ingredients"."id" = ? LIMIT ?[0m  [["id", 2], ["LIMIT", 1]]
  [1m[35m (0.0ms)[0m  [1m[31mrollback transaction[0m
  [1m[35m (0.0ms)[0m  [1m[36mbegin transaction[0m
  [1m[36mIngredient Load (0.1ms)[0m  [1m[34mSELECT "ingredients".* FROM "ingredients" WHERE "ingredients"."id" = ? LIMIT ?[0m  [["id", 1], ["LIMIT", 1]]
  [1m[35m (0.1ms)[0m  [1m[31mrollback transaction[0m
  [1m[35m (0.0ms)[0m  [1m[36mbegin transaction[0m
  [1m[36mUser Load (0.1ms)[0m  [1m[34mSELECT "users".* FROM "users" WHERE "users"."id" = ? LIMIT ?[0m  [["id", 1], ["LIMIT", 1]]
  [1m[36mIngredient Load (0.0ms)[0m  [1m[34mSELECT "ingredients".* FROM "ingredients" WHERE "ingredients"."id" = ? LIMIT ?[0m  [["id", 2], ["LIMIT", 1]]
  [1m[36mAllergy Create (0.4ms)[0m  [1m[32mINSERT INTO "allergies" ("ingredient_id", "user_id", "created_at", "updated_at") VALUES (?, ?, ?, ?)[0m  [["ingredient_id", 2], ["user_id", 1], ["created_at", "2020-01-15 17:55:54.112358"], ["updated_at", "2020-01-15 17:55:54.112358"]]
  [1m[35m (0.9ms)[0m  [1m[36mcommit transaction[0m
  [1m[35m (0.0ms)[0m  [1m[36mbegin transaction[0m
  [1m[36mUser Load (0.1ms)[0m  [1m[34mSELECT "users".* FROM "users" WHERE "users"."id" = ? LIMIT ?[0m  [["id", 2], ["LIMIT", 1]]
  [1m[36mIngredient Load (0.0ms)[0m  [1m[34mSELECT "ingredients".* FROM "ingredients" WHERE "ingredients"."id" = ? LIMIT ?[0m  [["id", 1], ["LIMIT", 1]]
  [1m[36mAllergy Create (0.3ms)[0m  [1m[32mINSERT INTO "allergies" ("ingredient_id", "user_id", "created_at", "updated_at") VALUES (?, ?, ?, ?)[0m  [["ingredient_id", 1], ["user_id", 2], ["created_at", "2020-01-15 17:55:54.118285"], ["updated_at", "2020-01-15 17:55:54.118285"]]
  [1m[35m (1.2ms)[0m  [1m[36mcommit transaction[0m
  [1m[35m (0.0ms)[0m  [1m[36mbegin transaction[0m
  [1m[36mUser Load (0.1ms)[0m  [1m[34mSELECT "users".* FROM "users" WHERE "users"."id" = ? LIMIT ?[0m  [["id", 3], ["LIMIT", 1]]
  [1m[36mIngredient Load (0.1ms)[0m  [1m[34mSELECT "ingredients".* FROM "ingredients" WHERE "ingredients"."id" = ? LIMIT ?[0m  [["id", 3], ["LIMIT", 1]]
  [1m[36mAllergy Create (0.4ms)[0m  [1m[32mINSERT INTO "allergies" ("ingredient_id", "user_id", "created_at", "updated_at") VALUES (?, ?, ?, ?)[0m  [["ingredient_id", 3], ["user_id", 3], ["created_at", "2020-01-15 17:55:54.125262"], ["updated_at", "2020-01-15 17:55:54.125262"]]
  [1m[35m (1.6ms)[0m  [1m[36mcommit transaction[0m
  [1m[35m (0.5ms)[0m  [1m[34mSELECT sqlite_version(*)[0m
  [1m[36mAllergy Load (0.4ms)[0m  [1m[34mSELECT "allergies".* FROM "allergies" LIMIT ?[0m  [["LIMIT", 11]]
  [1m[36mIngredient Load (0.2ms)[0m  [1m[34mSELECT "ingredients".* FROM "ingredients" LIMIT ?[0m  [["LIMIT", 11]]
  [1m[36mRecipe Load (0.2ms)[0m  [1m[34mSELECT "recipes".* FROM "recipes" LIMIT ?[0m  [["LIMIT", 11]]
  [1m[35m (0.5ms)[0m  [1m[34mSELECT sqlite_version(*)[0m
  [1m[36mUser Load (0.3ms)[0m  [1m[34mSELECT "users".* FROM "users" LIMIT ?[0m  [["LIMIT", 11]]
  [1m[36mAllergy Load (1.5ms)[0m  [1m[34mSELECT "allergies".* FROM "allergies" LIMIT ?[0m  [["LIMIT", 11]]
  [1m[35m (7.1ms)[0m  [1m[34mSELECT sqlite_version(*)[0m
  [1m[35m (0.6ms)[0m  [1m[34mSELECT "schema_migrations"."version" FROM "schema_migrations" ORDER BY "schema_migrations"."version" ASC[0m
  [1m[36mActiveRecord::InternalMetadata Load (0.7ms)[0m  [1m[34mSELECT "ar_internal_metadata".* FROM "ar_internal_metadata" WHERE "ar_internal_metadata"."key" = ? LIMIT ?[0m  [["key", "environment"], ["LIMIT", 1]]
  [1m[35m (0.1ms)[0m  [1m[34mSELECT sqlite_version(*)[0m
  [1m[35m (0.1ms)[0m  [1m[34mSELECT "schema_migrations"."version" FROM "schema_migrations" ORDER BY "schema_migrations"."version" ASC[0m
  [1m[35m (7.3ms)[0m  [1m[34mSELECT sqlite_version(*)[0m
  [1m[35m (0.5ms)[0m  [1m[34mSELECT "schema_migrations"."version" FROM "schema_migrations" ORDER BY "schema_migrations"."version" ASC[0m
  [1m[35m (0.1ms)[0m  [1m[34mSELECT sqlite_version(*)[0m
  [1m[36mUser Load (0.5ms)[0m  [1m[34mSELECT "users".* FROM "users"[0m
  [1m[35m (0.1ms)[0m  [1m[36mbegin transaction[0m
  [1m[36mUser Destroy (0.6ms)[0m  [1m[31mDELETE FROM "users" WHERE "users"."id" = ?[0m  [["id", 1]]
  [1m[35m (1.3ms)[0m  [1m[36mcommit transaction[0m
  [1m[35m (0.1ms)[0m  [1m[36mbegin transaction[0m
  [1m[36mUser Destroy (0.4ms)[0m  [1m[31mDELETE FROM "users" WHERE "users"."id" = ?[0m  [["id", 2]]
  [1m[35m (1.1ms)[0m  [1m[36mcommit transaction[0m
  [1m[35m (0.0ms)[0m  [1m[36mbegin transaction[0m
  [1m[36mUser Destroy (0.4ms)[0m  [1m[31mDELETE FROM "users" WHERE "users"."id" = ?[0m  [["id", 3]]
  [1m[35m (0.9ms)[0m  [1m[36mcommit transaction[0m
  [1m[36mRecipe Load (0.6ms)[0m  [1m[34mSELECT "recipes".* FROM "recipes"[0m
  [1m[36mRecipeIngredient Load (0.5ms)[0m  [1m[34mSELECT "recipe_ingredients".* FROM "recipe_ingredients"[0m
  [1m[36mIngredient Load (0.3ms)[0m  [1m[34mSELECT "ingredients".* FROM "ingredients"[0m
  [1m[35m (0.1ms)[0m  [1m[36mbegin transaction[0m
  [1m[36mIngredient Destroy (0.4ms)[0m  [1m[31mDELETE FROM "ingredients" WHERE "ingredients"."id" = ?[0m  [["id", 1]]
  [1m[35m (1.0ms)[0m  [1m[36mcommit transaction[0m
  [1m[35m (0.0ms)[0m  [1m[36mbegin transaction[0m
  [1m[36mIngredient Destroy (0.4ms)[0m  [1m[31mDELETE FROM "ingredients" WHERE "ingredients"."id" = ?[0m  [["id", 2]]
  [1m[35m (0.9ms)[0m  [1m[36mcommit transaction[0m
  [1m[35m (0.1ms)[0m  [1m[36mbegin transaction[0m
  [1m[36mIngredient Destroy (0.4ms)[0m  [1m[31mDELETE FROM "ingredients" WHERE "ingredients"."id" = ?[0m  [["id", 3]]
  [1m[35m (1.2ms)[0m  [1m[36mcommit transaction[0m
  [1m[36mAllergy Load (0.2ms)[0m  [1m[34mSELECT "allergies".* FROM "allergies"[0m
  [1m[35m (0.1ms)[0m  [1m[36mbegin transaction[0m
  [1m[36mAllergy Destroy (0.3ms)[0m  [1m[31mDELETE FROM "allergies" WHERE "allergies"."id" = ?[0m  [["id", 1]]
  [1m[35m (1.6ms)[0m  [1m[36mcommit transaction[0m
  [1m[35m (0.1ms)[0m  [1m[36mbegin transaction[0m
  [1m[36mAllergy Destroy (0.4ms)[0m  [1m[31mDELETE FROM "allergies" WHERE "allergies"."id" = ?[0m  [["id", 2]]
  [1m[35m (1.2ms)[0m  [1m[36mcommit transaction[0m
  [1m[35m (0.0ms)[0m  [1m[36mbegin transaction[0m
  [1m[36mAllergy Destroy (0.4ms)[0m  [1m[31mDELETE FROM "allergies" WHERE "allergies"."id" = ?[0m  [["id", 3]]
  [1m[35m (0.8ms)[0m  [1m[36mcommit transaction[0m
  [1m[35m (0.1ms)[0m  [1m[36mbegin transaction[0m
  [1m[36mUser Create (0.7ms)[0m  [1m[32mINSERT INTO "users" ("name", "created_at", "updated_at") VALUES (?, ?, ?)[0m  [["name", "Marija"], ["created_at", "2020-01-15 18:58:14.592710"], ["updated_at", "2020-01-15 18:58:14.592710"]]
  [1m[35m (0.8ms)[0m  [1m[36mcommit transaction[0m
  [1m[35m (0.0ms)[0m  [1m[36mbegin transaction[0m
  [1m[36mUser Create (0.4ms)[0m  [1m[32mINSERT INTO "users" ("name", "created_at", "updated_at") VALUES (?, ?, ?)[0m  [["name", "Jenny"], ["created_at", "2020-01-15 18:58:14.597277"], ["updated_at", "2020-01-15 18:58:14.597277"]]
  [1m[35m (0.6ms)[0m  [1m[36mcommit transaction[0m
  [1m[35m (0.0ms)[0m  [1m[36mbegin transaction[0m
  [1m[36mUser Create (0.4ms)[0m  [1m[32mINSERT INTO "users" ("name", "created_at", "updated_at") VALUES (?, ?, ?)[0m  [["name", "Amia"], ["created_at", "2020-01-15 18:58:14.600707"], ["updated_at", "2020-01-15 18:58:14.600707"]]
  [1m[35m (0.9ms)[0m  [1m[36mcommit transaction[0m
  [1m[35m (0.1ms)[0m  [1m[36mbegin transaction[0m
  [1m[36mIngredient Create (0.4ms)[0m  [1m[32mINSERT INTO "ingredients" ("name", "created_at", "updated_at") VALUES (?, ?, ?)[0m  [["name", "Flour"], ["created_at", "2020-01-15 18:58:14.654156"], ["updated_at", "2020-01-15 18:58:14.654156"]]
  [1m[35m (1.6ms)[0m  [1m[36mcommit transaction[0m
  [1m[35m (0.0ms)[0m  [1m[36mbegin transaction[0m
  [1m[36mIngredient Create (0.5ms)[0m  [1m[32mINSERT INTO "ingredients" ("name", "created_at", "updated_at") VALUES (?, ?, ?)[0m  [["name", "Milk"], ["created_at", "2020-01-15 18:58:14.665052"], ["updated_at", "2020-01-15 18:58:14.665052"]]
  [1m[35m (1.6ms)[0m  [1m[36mcommit transaction[0m
  [1m[35m (0.1ms)[0m  [1m[36mbegin transaction[0m
  [1m[36mIngredient Create (0.5ms)[0m  [1m[32mINSERT INTO "ingredients" ("name", "created_at", "updated_at") VALUES (?, ?, ?)[0m  [["name", "Sugar"], ["created_at", "2020-01-15 18:58:14.676624"], ["updated_at", "2020-01-15 18:58:14.676624"]]
  [1m[35m (0.9ms)[0m  [1m[36mcommit transaction[0m
  [1m[35m (0.1ms)[0m  [1m[36mbegin transaction[0m
  [1m[36mIngredient Load (0.3ms)[0m  [1m[34mSELECT "ingredients".* FROM "ingredients" WHERE "ingredients"."id" = ? LIMIT ?[0m  [["id", 6], ["LIMIT", 1]]
  [1m[35m (0.1ms)[0m  [1m[31mrollback transaction[0m
  [1m[35m (0.0ms)[0m  [1m[36mbegin transaction[0m
  [1m[36mIngredient Load (0.1ms)[0m  [1m[34mSELECT "ingredients".* FROM "ingredients" WHERE "ingredients"."id" = ? LIMIT ?[0m  [["id", 5], ["LIMIT", 1]]
  [1m[35m (0.1ms)[0m  [1m[31mrollback transaction[0m
  [1m[35m (0.0ms)[0m  [1m[36mbegin transaction[0m
  [1m[36mIngredient Load (0.1ms)[0m  [1m[34mSELECT "ingredients".* FROM "ingredients" WHERE "ingredients"."id" = ? LIMIT ?[0m  [["id", 4], ["LIMIT", 1]]
  [1m[35m (0.1ms)[0m  [1m[31mrollback transaction[0m
  [1m[35m (0.0ms)[0m  [1m[36mbegin transaction[0m
  [1m[36mUser Load (0.1ms)[0m  [1m[34mSELECT "users".* FROM "users" WHERE "users"."id" = ? LIMIT ?[0m  [["id", 4], ["LIMIT", 1]]
  [1m[36mIngredient Load (0.1ms)[0m  [1m[34mSELECT "ingredients".* FROM "ingredients" WHERE "ingredients"."id" = ? LIMIT ?[0m  [["id", 5], ["LIMIT", 1]]
  [1m[36mAllergy Create (0.4ms)[0m  [1m[32mINSERT INTO "allergies" ("ingredient_id", "user_id", "created_at", "updated_at") VALUES (?, ?, ?, ?)[0m  [["ingredient_id", 5], ["user_id", 4], ["created_at", "2020-01-15 18:58:14.727107"], ["updated_at", "2020-01-15 18:58:14.727107"]]
  [1m[35m (1.6ms)[0m  [1m[36mcommit transaction[0m
  [1m[35m (0.0ms)[0m  [1m[36mbegin transaction[0m
  [1m[36mUser Load (0.1ms)[0m  [1m[34mSELECT "users".* FROM "users" WHERE "users"."id" = ? LIMIT ?[0m  [["id", 5], ["LIMIT", 1]]
  [1m[36mIngredient Load (0.1ms)[0m  [1m[34mSELECT "ingredients".* FROM "ingredients" WHERE "ingredients"."id" = ? LIMIT ?[0m  [["id", 4], ["LIMIT", 1]]
  [1m[36mAllergy Create (0.4ms)[0m  [1m[32mINSERT INTO "allergies" ("ingredient_id", "user_id", "created_at", "updated_at") VALUES (?, ?, ?, ?)[0m  [["ingredient_id", 4], ["user_id", 5], ["created_at", "2020-01-15 18:58:14.734515"], ["updated_at", "2020-01-15 18:58:14.734515"]]
  [1m[35m (1.2ms)[0m  [1m[36mcommit transaction[0m
  [1m[35m (0.0ms)[0m  [1m[36mbegin transaction[0m
  [1m[36mUser Load (0.1ms)[0m  [1m[34mSELECT "users".* FROM "users" WHERE "users"."id" = ? LIMIT ?[0m  [["id", 6], ["LIMIT", 1]]
  [1m[36mIngredient Load (0.1ms)[0m  [1m[34mSELECT "ingredients".* FROM "ingredients" WHERE "ingredients"."id" = ? LIMIT ?[0m  [["id", 6], ["LIMIT", 1]]
  [1m[36mAllergy Create (0.4ms)[0m  [1m[32mINSERT INTO "allergies" ("ingredient_id", "user_id", "created_at", "updated_at") VALUES (?, ?, ?, ?)[0m  [["ingredient_id", 6], ["user_id", 6], ["created_at", "2020-01-15 18:58:14.741499"], ["updated_at", "2020-01-15 18:58:14.741499"]]
  [1m[35m (1.0ms)[0m  [1m[36mcommit transaction[0m
  [1m[35m (0.4ms)[0m  [1m[34mSELECT sqlite_version(*)[0m
  [1m[35m (0.1ms)[0m  [1m[34mSELECT "schema_migrations"."version" FROM "schema_migrations" ORDER BY "schema_migrations"."version" ASC[0m
  [1m[35m (0.0ms)[0m  [1m[34mSELECT sqlite_version(*)[0m
  [1m[36mUser Load (0.1ms)[0m  [1m[34mSELECT "users".* FROM "users"[0m
  [1m[35m (0.0ms)[0m  [1m[36mbegin transaction[0m
  [1m[36mUser Destroy (0.4ms)[0m  [1m[31mDELETE FROM "users" WHERE "users"."id" = ?[0m  [["id", 4]]
  [1m[35m (2.5ms)[0m  [1m[36mcommit transaction[0m
  [1m[35m (0.0ms)[0m  [1m[36mbegin transaction[0m
  [1m[36mUser Destroy (0.3ms)[0m  [1m[31mDELETE FROM "users" WHERE "users"."id" = ?[0m  [["id", 5]]
  [1m[35m (1.2ms)[0m  [1m[36mcommit transaction[0m
  [1m[35m (0.0ms)[0m  [1m[36mbegin transaction[0m
  [1m[36mUser Destroy (0.3ms)[0m  [1m[31mDELETE FROM "users" WHERE "users"."id" = ?[0m  [["id", 6]]
  [1m[35m (0.9ms)[0m  [1m[36mcommit transaction[0m
  [1m[36mRecipe Load (0.2ms)[0m  [1m[34mSELECT "recipes".* FROM "recipes"[0m
  [1m[36mRecipeIngredient Load (0.1ms)[0m  [1m[34mSELECT "recipe_ingredients".* FROM "recipe_ingredients"[0m
  [1m[36mIngredient Load (0.4ms)[0m  [1m[34mSELECT "ingredients".* FROM "ingredients"[0m
  [1m[35m (0.0ms)[0m  [1m[36mbegin transaction[0m
  [1m[36mIngredient Destroy (0.3ms)[0m  [1m[31mDELETE FROM "ingredients" WHERE "ingredients"."id" = ?[0m  [["id", 4]]
  [1m[35m (1.0ms)[0m  [1m[36mcommit transaction[0m
  [1m[35m (0.0ms)[0m  [1m[36mbegin transaction[0m
  [1m[36mIngredient Destroy (0.5ms)[0m  [1m[31mDELETE FROM "ingredients" WHERE "ingredients"."id" = ?[0m  [["id", 5]]
  [1m[35m (0.7ms)[0m  [1m[36mcommit transaction[0m
  [1m[35m (0.0ms)[0m  [1m[36mbegin transaction[0m
  [1m[36mIngredient Destroy (0.3ms)[0m  [1m[31mDELETE FROM "ingredients" WHERE "ingredients"."id" = ?[0m  [["id", 6]]
  [1m[35m (0.9ms)[0m  [1m[36mcommit transaction[0m
  [1m[36mAllergy Load (0.2ms)[0m  [1m[34mSELECT "allergies".* FROM "allergies"[0m
  [1m[35m (0.0ms)[0m  [1m[36mbegin transaction[0m
  [1m[36mAllergy Destroy (0.6ms)[0m  [1m[31mDELETE FROM "allergies" WHERE "allergies"."id" = ?[0m  [["id", 4]]
  [1m[35m (1.5ms)[0m  [1m[36mcommit transaction[0m
  [1m[35m (0.1ms)[0m  [1m[36mbegin transaction[0m
  [1m[36mAllergy Destroy (0.5ms)[0m  [1m[31mDELETE FROM "allergies" WHERE "allergies"."id" = ?[0m  [["id", 5]]
  [1m[35m (0.9ms)[0m  [1m[36mcommit transaction[0m
  [1m[35m (0.0ms)[0m  [1m[36mbegin transaction[0m
  [1m[36mAllergy Destroy (0.4ms)[0m  [1m[31mDELETE FROM "allergies" WHERE "allergies"."id" = ?[0m  [["id", 6]]
  [1m[35m (1.3ms)[0m  [1m[36mcommit transaction[0m
  [1m[35m (0.0ms)[0m  [1m[36mbegin transaction[0m
  [1m[36mUser Create (0.5ms)[0m  [1m[32mINSERT INTO "users" ("name", "created_at", "updated_at") VALUES (?, ?, ?)[0m  [["name", "Marija"], ["created_at", "2020-01-15 19:00:01.022065"], ["updated_at", "2020-01-15 19:00:01.022065"]]
  [1m[35m (1.1ms)[0m  [1m[36mcommit transaction[0m
  [1m[35m (0.0ms)[0m  [1m[36mbegin transaction[0m
  [1m[36mUser Create (0.5ms)[0m  [1m[32mINSERT INTO "users" ("name", "created_at", "updated_at") VALUES (?, ?, ?)[0m  [["name", "Jenny"], ["created_at", "2020-01-15 19:00:01.027329"], ["updated_at", "2020-01-15 19:00:01.027329"]]
  [1m[35m (0.9ms)[0m  [1m[36mcommit transaction[0m
  [1m[35m (0.0ms)[0m  [1m[36mbegin transaction[0m
  [1m[36mUser Create (0.3ms)[0m  [1m[32mINSERT INTO "users" ("name", "created_at", "updated_at") VALUES (?, ?, ?)[0m  [["name", "Amia"], ["created_at", "2020-01-15 19:00:01.041587"], ["updated_at", "2020-01-15 19:00:01.041587"]]
  [1m[35m (1.2ms)[0m  [1m[36mcommit transaction[0m
  [1m[35m (0.0ms)[0m  [1m[36mbegin transaction[0m
  [1m[36mIngredient Create (0.3ms)[0m  [1m[32mINSERT INTO "ingredients" ("name", "created_at", "updated_at") VALUES (?, ?, ?)[0m  [["name", "Flour"], ["created_at", "2020-01-15 19:00:01.054554"], ["updated_at", "2020-01-15 19:00:01.054554"]]
  [1m[35m (1.1ms)[0m  [1m[36mcommit transaction[0m
  [1m[35m (0.1ms)[0m  [1m[36mbegin transaction[0m
  [1m[36mIngredient Create (0.5ms)[0m  [1m[32mINSERT INTO "ingredients" ("name", "created_at", "updated_at") VALUES (?, ?, ?)[0m  [["name", "Milk"], ["created_at", "2020-01-15 19:00:01.058913"], ["updated_at", "2020-01-15 19:00:01.058913"]]
  [1m[35m (1.3ms)[0m  [1m[36mcommit transaction[0m
  [1m[35m (0.0ms)[0m  [1m[36mbegin transaction[0m
  [1m[36mIngredient Create (0.4ms)[0m  [1m[32mINSERT INTO "ingredients" ("name", "created_at", "updated_at") VALUES (?, ?, ?)[0m  [["name", "Sugar"], ["created_at", "2020-01-15 19:00:01.063610"], ["updated_at", "2020-01-15 19:00:01.063610"]]
  [1m[35m (0.8ms)[0m  [1m[36mcommit transaction[0m
  [1m[35m (0.1ms)[0m  [1m[36mbegin transaction[0m
  [1m[36mIngredient Load (0.1ms)[0m  [1m[34mSELECT "ingredients".* FROM "ingredients" WHERE "ingredients"."id" = ? LIMIT ?[0m  [["id", 9], ["LIMIT", 1]]
  [1m[35m (0.1ms)[0m  [1m[31mrollback transaction[0m
  [1m[35m (0.0ms)[0m  [1m[36mbegin transaction[0m
  [1m[36mIngredient Load (0.1ms)[0m  [1m[34mSELECT "ingredients".* FROM "ingredients" WHERE "ingredients"."id" = ? LIMIT ?[0m  [["id", 8], ["LIMIT", 1]]
  [1m[35m (0.1ms)[0m  [1m[31mrollback transaction[0m
  [1m[35m (0.0ms)[0m  [1m[36mbegin transaction[0m
  [1m[36mIngredient Load (0.1ms)[0m  [1m[34mSELECT "ingredients".* FROM "ingredients" WHERE "ingredients"."id" = ? LIMIT ?[0m  [["id", 7], ["LIMIT", 1]]
  [1m[35m (0.1ms)[0m  [1m[31mrollback transaction[0m
  [1m[35m (0.0ms)[0m  [1m[36mbegin transaction[0m
  [1m[36mUser Load (0.2ms)[0m  [1m[34mSELECT "users".* FROM "users" WHERE "users"."id" = ? LIMIT ?[0m  [["id", 7], ["LIMIT", 1]]
  [1m[36mIngredient Load (0.1ms)[0m  [1m[34mSELECT "ingredients".* FROM "ingredients" WHERE "ingredients"."id" = ? LIMIT ?[0m  [["id", 8], ["LIMIT", 1]]
  [1m[36mAllergy Create (0.5ms)[0m  [1m[32mINSERT INTO "allergies" ("ingredient_id", "user_id", "created_at", "updated_at") VALUES (?, ?, ?, ?)[0m  [["ingredient_id", 8], ["user_id", 7], ["created_at", "2020-01-15 19:00:01.090907"], ["updated_at", "2020-01-15 19:00:01.090907"]]
  [1m[35m (1.7ms)[0m  [1m[36mcommit transaction[0m
  [1m[35m (0.1ms)[0m  [1m[36mbegin transaction[0m
  [1m[36mUser Load (0.1ms)[0m  [1m[34mSELECT "users".* FROM "users" WHERE "users"."id" = ? LIMIT ?[0m  [["id", 8], ["LIMIT", 1]]
  [1m[36mIngredient Load (0.1ms)[0m  [1m[34mSELECT "ingredients".* FROM "ingredients" WHERE "ingredients"."id" = ? LIMIT ?[0m  [["id", 7], ["LIMIT", 1]]
  [1m[36mAllergy Create (0.4ms)[0m  [1m[32mINSERT INTO "allergies" ("ingredient_id", "user_id", "created_at", "updated_at") VALUES (?, ?, ?, ?)[0m  [["ingredient_id", 7], ["user_id", 8], ["created_at", "2020-01-15 19:00:01.100145"], ["updated_at", "2020-01-15 19:00:01.100145"]]
  [1m[35m (0.9ms)[0m  [1m[36mcommit transaction[0m
  [1m[35m (9.0ms)[0m  [1m[36mbegin transaction[0m
  [1m[36mUser Load (0.1ms)[0m  [1m[34mSELECT "users".* FROM "users" WHERE "users"."id" = ? LIMIT ?[0m  [["id", 9], ["LIMIT", 1]]
  [1m[36mIngredient Load (0.0ms)[0m  [1m[34mSELECT "ingredients".* FROM "ingredients" WHERE "ingredients"."id" = ? LIMIT ?[0m  [["id", 9], ["LIMIT", 1]]
  [1m[36mAllergy Create (0.3ms)[0m  [1m[32mINSERT INTO "allergies" ("ingredient_id", "user_id", "created_at", "updated_at") VALUES (?, ?, ?, ?)[0m  [["ingredient_id", 9], ["user_id", 9], ["created_at", "2020-01-15 19:00:01.115908"], ["updated_at", "2020-01-15 19:00:01.115908"]]
  [1m[35m (1.2ms)[0m  [1m[36mcommit transaction[0m
  [1m[35m (1.6ms)[0m  [1m[34mSELECT sqlite_version(*)[0m
  [1m[36mAllergy Load (0.2ms)[0m  [1m[34mSELECT "allergies".* FROM "allergies" LIMIT ?[0m  [["LIMIT", 11]]
  [1m[36mRecipeIngredient Load (0.2ms)[0m  [1m[34mSELECT "recipe_ingredients".* FROM "recipe_ingredients" LIMIT ?[0m  [["LIMIT", 11]]
  [1m[35m (0.5ms)[0m  [1m[34mSELECT sqlite_version(*)[0m
  [1m[35m (0.2ms)[0m  [1m[34mSELECT "schema_migrations"."version" FROM "schema_migrations" ORDER BY "schema_migrations"."version" ASC[0m
  [1m[35m (0.1ms)[0m  [1m[34mSELECT sqlite_version(*)[0m
  [1m[36mUser Load (0.2ms)[0m  [1m[34mSELECT "users".* FROM "users"[0m
  [1m[35m (0.1ms)[0m  [1m[36mbegin transaction[0m
  [1m[36mUser Destroy (0.4ms)[0m  [1m[31mDELETE FROM "users" WHERE "users"."id" = ?[0m  [["id", 7]]
  [1m[35m (0.9ms)[0m  [1m[36mcommit transaction[0m
  [1m[35m (0.0ms)[0m  [1m[36mbegin transaction[0m
  [1m[36mUser Destroy (0.3ms)[0m  [1m[31mDELETE FROM "users" WHERE "users"."id" = ?[0m  [["id", 8]]
  [1m[35m (0.8ms)[0m  [1m[36mcommit transaction[0m
  [1m[35m (0.0ms)[0m  [1m[36mbegin transaction[0m
  [1m[36mUser Destroy (0.3ms)[0m  [1m[31mDELETE FROM "users" WHERE "users"."id" = ?[0m  [["id", 9]]
  [1m[35m (0.8ms)[0m  [1m[36mcommit transaction[0m
  [1m[36mRecipe Load (0.2ms)[0m  [1m[34mSELECT "recipes".* FROM "recipes"[0m
  [1m[36mRecipeIngredient Load (0.3ms)[0m  [1m[34mSELECT "recipe_ingredients".* FROM "recipe_ingredients"[0m
  [1m[36mIngredient Load (0.2ms)[0m  [1m[34mSELECT "ingredients".* FROM "ingredients"[0m
  [1m[35m (0.1ms)[0m  [1m[36mbegin transaction[0m
  [1m[36mIngredient Destroy (0.3ms)[0m  [1m[31mDELETE FROM "ingredients" WHERE "ingredients"."id" = ?[0m  [["id", 7]]
  [1m[35m (1.1ms)[0m  [1m[36mcommit transaction[0m
  [1m[35m (0.0ms)[0m  [1m[36mbegin transaction[0m
  [1m[36mIngredient Destroy (0.4ms)[0m  [1m[31mDELETE FROM "ingredients" WHERE "ingredients"."id" = ?[0m  [["id", 8]]
  [1m[35m (1.0ms)[0m  [1m[36mcommit transaction[0m
  [1m[35m (0.1ms)[0m  [1m[36mbegin transaction[0m
  [1m[36mIngredient Destroy (0.5ms)[0m  [1m[31mDELETE FROM "ingredients" WHERE "ingredients"."id" = ?[0m  [["id", 9]]
  [1m[35m (1.4ms)[0m  [1m[36mcommit transaction[0m
  [1m[36mAllergy Load (0.2ms)[0m  [1m[34mSELECT "allergies".* FROM "allergies"[0m
  [1m[35m (0.1ms)[0m  [1m[36mbegin transaction[0m
  [1m[36mAllergy Destroy (0.3ms)[0m  [1m[31mDELETE FROM "allergies" WHERE "allergies"."id" = ?[0m  [["id", 7]]
  [1m[35m (1.0ms)[0m  [1m[36mcommit transaction[0m
  [1m[35m (0.0ms)[0m  [1m[36mbegin transaction[0m
  [1m[36mAllergy Destroy (0.3ms)[0m  [1m[31mDELETE FROM "allergies" WHERE "allergies"."id" = ?[0m  [["id", 8]]
  [1m[35m (1.1ms)[0m  [1m[36mcommit transaction[0m
  [1m[35m (0.0ms)[0m  [1m[36mbegin transaction[0m
  [1m[36mAllergy Destroy (0.3ms)[0m  [1m[31mDELETE FROM "allergies" WHERE "allergies"."id" = ?[0m  [["id", 9]]
  [1m[35m (0.7ms)[0m  [1m[36mcommit transaction[0m
  [1m[35m (0.1ms)[0m  [1m[36mbegin transaction[0m
  [1m[36mUser Create (0.5ms)[0m  [1m[32mINSERT INTO "users" ("name", "created_at", "updated_at") VALUES (?, ?, ?)[0m  [["name", "Marija"], ["created_at", "2020-01-15 19:03:25.912842"], ["updated_at", "2020-01-15 19:03:25.912842"]]
  [1m[35m (1.6ms)[0m  [1m[36mcommit transaction[0m
  [1m[35m (0.1ms)[0m  [1m[36mbegin transaction[0m
  [1m[36mUser Create (0.5ms)[0m  [1m[32mINSERT INTO "users" ("name", "created_at", "updated_at") VALUES (?, ?, ?)[0m  [["name", "Jenny"], ["created_at", "2020-01-15 19:03:25.919947"], ["updated_at", "2020-01-15 19:03:25.919947"]]
  [1m[35m (1.4ms)[0m  [1m[36mcommit transaction[0m
  [1m[35m (0.1ms)[0m  [1m[36mbegin transaction[0m
  [1m[36mUser Create (0.4ms)[0m  [1m[32mINSERT INTO "users" ("name", "created_at", "updated_at") VALUES (?, ?, ?)[0m  [["name", "Amia"], ["created_at", "2020-01-15 19:03:25.927000"], ["updated_at", "2020-01-15 19:03:25.927000"]]
  [1m[35m (4.7ms)[0m  [1m[36mcommit transaction[0m
  [1m[35m (0.1ms)[0m  [1m[36mbegin transaction[0m
  [1m[36mIngredient Create (0.6ms)[0m  [1m[32mINSERT INTO "ingredients" ("name", "created_at", "updated_at") VALUES (?, ?, ?)[0m  [["name", "Flour"], ["created_at", "2020-01-15 19:03:25.944529"], ["updated_at", "2020-01-15 19:03:25.944529"]]
  [1m[35m (1.7ms)[0m  [1m[36mcommit transaction[0m
  [1m[35m (0.1ms)[0m  [1m[36mbegin transaction[0m
  [1m[36mIngredient Create (0.6ms)[0m  [1m[32mINSERT INTO "ingredients" ("name", "created_at", "updated_at") VALUES (?, ?, ?)[0m  [["name", "Milk"], ["created_at", "2020-01-15 19:03:25.951561"], ["updated_at", "2020-01-15 19:03:25.951561"]]
  [1m[35m (0.9ms)[0m  [1m[36mcommit transaction[0m
  [1m[35m (0.1ms)[0m  [1m[36mbegin transaction[0m
  [1m[36mIngredient Create (0.6ms)[0m  [1m[32mINSERT INTO "ingredients" ("name", "created_at", "updated_at") VALUES (?, ?, ?)[0m  [["name", "Sugar"], ["created_at", "2020-01-15 19:03:25.957852"], ["updated_at", "2020-01-15 19:03:25.957852"]]
  [1m[35m (0.9ms)[0m  [1m[36mcommit transaction[0m
  [1m[35m (1.0ms)[0m  [1m[34mSELECT sqlite_version(*)[0m
  [1m[35m (0.2ms)[0m  [1m[34mSELECT "schema_migrations"."version" FROM "schema_migrations" ORDER BY "schema_migrations"."version" ASC[0m
  [1m[35m (0.1ms)[0m  [1m[34mSELECT sqlite_version(*)[0m
  [1m[36mUser Load (0.1ms)[0m  [1m[34mSELECT "users".* FROM "users"[0m
  [1m[35m (0.1ms)[0m  [1m[36mbegin transaction[0m
  [1m[36mUser Destroy (0.4ms)[0m  [1m[31mDELETE FROM "users" WHERE "users"."id" = ?[0m  [["id", 10]]
  [1m[35m (1.9ms)[0m  [1m[36mcommit transaction[0m
  [1m[35m (0.0ms)[0m  [1m[36mbegin transaction[0m
  [1m[36mUser Destroy (0.3ms)[0m  [1m[31mDELETE FROM "users" WHERE "users"."id" = ?[0m  [["id", 11]]
  [1m[35m (0.8ms)[0m  [1m[36mcommit transaction[0m
  [1m[35m (0.0ms)[0m  [1m[36mbegin transaction[0m
  [1m[36mUser Destroy (0.3ms)[0m  [1m[31mDELETE FROM "users" WHERE "users"."id" = ?[0m  [["id", 12]]
  [1m[35m (0.6ms)[0m  [1m[36mcommit transaction[0m
  [1m[36mRecipe Load (0.2ms)[0m  [1m[34mSELECT "recipes".* FROM "recipes"[0m
  [1m[36mRecipeIngredient Load (0.2ms)[0m  [1m[34mSELECT "recipe_ingredients".* FROM "recipe_ingredients"[0m
  [1m[36mIngredient Load (0.1ms)[0m  [1m[34mSELECT "ingredients".* FROM "ingredients"[0m
  [1m[35m (0.1ms)[0m  [1m[36mbegin transaction[0m
  [1m[36mIngredient Destroy (0.3ms)[0m  [1m[31mDELETE FROM "ingredients" WHERE "ingredients"."id" = ?[0m  [["id", 10]]
  [1m[35m (0.9ms)[0m  [1m[36mcommit transaction[0m
  [1m[35m (0.1ms)[0m  [1m[36mbegin transaction[0m
  [1m[36mIngredient Destroy (0.4ms)[0m  [1m[31mDELETE FROM "ingredients" WHERE "ingredients"."id" = ?[0m  [["id", 11]]
  [1m[35m (0.8ms)[0m  [1m[36mcommit transaction[0m
  [1m[35m (0.0ms)[0m  [1m[36mbegin transaction[0m
  [1m[36mIngredient Destroy (0.3ms)[0m  [1m[31mDELETE FROM "ingredients" WHERE "ingredients"."id" = ?[0m  [["id", 12]]
  [1m[35m (0.7ms)[0m  [1m[36mcommit transaction[0m
  [1m[36mAllergy Load (0.2ms)[0m  [1m[34mSELECT "allergies".* FROM "allergies"[0m
  [1m[35m (0.1ms)[0m  [1m[36mbegin transaction[0m
  [1m[36mUser Create (0.6ms)[0m  [1m[32mINSERT INTO "users" ("name", "created_at", "updated_at") VALUES (?, ?, ?)[0m  [["name", "Marija"], ["created_at", "2020-01-15 19:04:45.932143"], ["updated_at", "2020-01-15 19:04:45.932143"]]
  [1m[35m (1.3ms)[0m  [1m[36mcommit transaction[0m
  [1m[35m (0.1ms)[0m  [1m[36mbegin transaction[0m
  [1m[36mUser Create (0.6ms)[0m  [1m[32mINSERT INTO "users" ("name", "created_at", "updated_at") VALUES (?, ?, ?)[0m  [["name", "Jenny"], ["created_at", "2020-01-15 19:04:45.949750"], ["updated_at", "2020-01-15 19:04:45.949750"]]
  [1m[35m (0.8ms)[0m  [1m[36mcommit transaction[0m
  [1m[35m (0.1ms)[0m  [1m[36mbegin transaction[0m
  [1m[36mUser Create (0.4ms)[0m  [1m[32mINSERT INTO "users" ("name", "created_at", "updated_at") VALUES (?, ?, ?)[0m  [["name", "Amia"], ["created_at", "2020-01-15 19:04:45.955309"], ["updated_at", "2020-01-15 19:04:45.955309"]]
  [1m[35m (0.7ms)[0m  [1m[36mcommit transaction[0m
  [1m[35m (0.1ms)[0m  [1m[36mbegin transaction[0m
  [1m[36mIngredient Create (0.4ms)[0m  [1m[32mINSERT INTO "ingredients" ("name", "created_at", "updated_at") VALUES (?, ?, ?)[0m  [["name", "Flour"], ["created_at", "2020-01-15 19:04:45.968224"], ["updated_at", "2020-01-15 19:04:45.968224"]]
  [1m[35m (0.7ms)[0m  [1m[36mcommit transaction[0m
  [1m[35m (0.0ms)[0m  [1m[36mbegin transaction[0m
  [1m[36mIngredient Create (0.3ms)[0m  [1m[32mINSERT INTO "ingredients" ("name", "created_at", "updated_at") VALUES (?, ?, ?)[0m  [["name", "Milk"], ["created_at", "2020-01-15 19:04:45.972920"], ["updated_at", "2020-01-15 19:04:45.972920"]]
  [1m[35m (0.8ms)[0m  [1m[36mcommit transaction[0m
  [1m[35m (0.0ms)[0m  [1m[36mbegin transaction[0m
  [1m[36mIngredient Create (0.4ms)[0m  [1m[32mINSERT INTO "ingredients" ("name", "created_at", "updated_at") VALUES (?, ?, ?)[0m  [["name", "Sugar"], ["created_at", "2020-01-15 19:04:45.976409"], ["updated_at", "2020-01-15 19:04:45.976409"]]
  [1m[35m (1.4ms)[0m  [1m[36mcommit transaction[0m
  [1m[35m (0.4ms)[0m  [1m[34mSELECT sqlite_version(*)[0m
  [1m[35m (0.1ms)[0m  [1m[34mSELECT "schema_migrations"."version" FROM "schema_migrations" ORDER BY "schema_migrations"."version" ASC[0m
  [1m[35m (0.1ms)[0m  [1m[34mSELECT sqlite_version(*)[0m
  [1m[36mUser Load (0.1ms)[0m  [1m[34mSELECT "users".* FROM "users"[0m
  [1m[35m (0.0ms)[0m  [1m[36mbegin transaction[0m
  [1m[36mUser Destroy (0.5ms)[0m  [1m[31mDELETE FROM "users" WHERE "users"."id" = ?[0m  [["id", 13]]
  [1m[35m (0.9ms)[0m  [1m[36mcommit transaction[0m
  [1m[35m (0.1ms)[0m  [1m[36mbegin transaction[0m
  [1m[36mUser Destroy (0.3ms)[0m  [1m[31mDELETE FROM "users" WHERE "users"."id" = ?[0m  [["id", 14]]
  [1m[35m (1.0ms)[0m  [1m[36mcommit transaction[0m
  [1m[35m (0.1ms)[0m  [1m[36mbegin transaction[0m
  [1m[36mUser Destroy (0.5ms)[0m  [1m[31mDELETE FROM "users" WHERE "users"."id" = ?[0m  [["id", 15]]
  [1m[35m (4.3ms)[0m  [1m[36mcommit transaction[0m
  [1m[36mRecipe Load (0.3ms)[0m  [1m[34mSELECT "recipes".* FROM "recipes"[0m
  [1m[36mRecipeIngredient Load (0.3ms)[0m  [1m[34mSELECT "recipe_ingredients".* FROM "recipe_ingredients"[0m
  [1m[36mIngredient Load (0.2ms)[0m  [1m[34mSELECT "ingredients".* FROM "ingredients"[0m
  [1m[35m (0.1ms)[0m  [1m[36mbegin transaction[0m
  [1m[36mIngredient Destroy (0.3ms)[0m  [1m[31mDELETE FROM "ingredients" WHERE "ingredients"."id" = ?[0m  [["id", 13]]
  [1m[35m (1.0ms)[0m  [1m[36mcommit transaction[0m
  [1m[35m (0.0ms)[0m  [1m[36mbegin transaction[0m
  [1m[36mIngredient Destroy (0.3ms)[0m  [1m[31mDELETE FROM "ingredients" WHERE "ingredients"."id" = ?[0m  [["id", 14]]
  [1m[35m (0.7ms)[0m  [1m[36mcommit transaction[0m
  [1m[35m (0.0ms)[0m  [1m[36mbegin transaction[0m
  [1m[36mIngredient Destroy (0.5ms)[0m  [1m[31mDELETE FROM "ingredients" WHERE "ingredients"."id" = ?[0m  [["id", 15]]
  [1m[35m (0.7ms)[0m  [1m[36mcommit transaction[0m
  [1m[36mAllergy Load (0.2ms)[0m  [1m[34mSELECT "allergies".* FROM "allergies"[0m
  [1m[35m (0.0ms)[0m  [1m[36mbegin transaction[0m
  [1m[36mUser Create (0.4ms)[0m  [1m[32mINSERT INTO "users" ("name", "created_at", "updated_at") VALUES (?, ?, ?)[0m  [["name", "Marija"], ["created_at", "2020-01-15 19:05:46.700329"], ["updated_at", "2020-01-15 19:05:46.700329"]]
  [1m[35m (1.0ms)[0m  [1m[36mcommit transaction[0m
  [1m[35m (0.0ms)[0m  [1m[36mbegin transaction[0m
  [1m[36mUser Create (0.5ms)[0m  [1m[32mINSERT INTO "users" ("name", "created_at", "updated_at") VALUES (?, ?, ?)[0m  [["name", "Jenny"], ["created_at", "2020-01-15 19:05:46.704948"], ["updated_at", "2020-01-15 19:05:46.704948"]]
  [1m[35m (0.9ms)[0m  [1m[36mcommit transaction[0m
  [1m[35m (0.1ms)[0m  [1m[36mbegin transaction[0m
  [1m[36mUser Create (0.5ms)[0m  [1m[32mINSERT INTO "users" ("name", "created_at", "updated_at") VALUES (?, ?, ?)[0m  [["name", "Amia"], ["created_at", "2020-01-15 19:05:46.709721"], ["updated_at", "2020-01-15 19:05:46.709721"]]
  [1m[35m (0.9ms)[0m  [1m[36mcommit transaction[0m
  [1m[35m (0.1ms)[0m  [1m[36mbegin transaction[0m
  [1m[36mIngredient Create (0.4ms)[0m  [1m[32mINSERT INTO "ingredients" ("name", "created_at", "updated_at") VALUES (?, ?, ?)[0m  [["name", "Flour"], ["created_at", "2020-01-15 19:05:46.738702"], ["updated_at", "2020-01-15 19:05:46.738702"]]
  [1m[35m (1.1ms)[0m  [1m[36mcommit transaction[0m
  [1m[35m (0.0ms)[0m  [1m[36mbegin transaction[0m
  [1m[36mIngredient Create (0.4ms)[0m  [1m[32mINSERT INTO "ingredients" ("name", "created_at", "updated_at") VALUES (?, ?, ?)[0m  [["name", "Milk"], ["created_at", "2020-01-15 19:05:46.743202"], ["updated_at", "2020-01-15 19:05:46.743202"]]
  [1m[35m (0.8ms)[0m  [1m[36mcommit transaction[0m
  [1m[35m (0.0ms)[0m  [1m[36mbegin transaction[0m
  [1m[36mIngredient Create (0.4ms)[0m  [1m[32mINSERT INTO "ingredients" ("name", "created_at", "updated_at") VALUES (?, ?, ?)[0m  [["name", "Sugar"], ["created_at", "2020-01-15 19:05:46.747609"], ["updated_at", "2020-01-15 19:05:46.747609"]]
  [1m[35m (2.5ms)[0m  [1m[36mcommit transaction[0m
  [1m[35m (0.4ms)[0m  [1m[34mSELECT sqlite_version(*)[0m
  [1m[35m (0.2ms)[0m  [1m[34mSELECT "schema_migrations"."version" FROM "schema_migrations" ORDER BY "schema_migrations"."version" ASC[0m
  [1m[35m (0.1ms)[0m  [1m[34mSELECT sqlite_version(*)[0m
  [1m[36mUser Load (0.1ms)[0m  [1m[34mSELECT "users".* FROM "users"[0m
  [1m[35m (0.1ms)[0m  [1m[36mbegin transaction[0m
  [1m[36mUser Destroy (0.6ms)[0m  [1m[31mDELETE FROM "users" WHERE "users"."id" = ?[0m  [["id", 16]]
  [1m[35m (1.0ms)[0m  [1m[36mcommit transaction[0m
  [1m[35m (0.1ms)[0m  [1m[36mbegin transaction[0m
  [1m[36mUser Destroy (0.4ms)[0m  [1m[31mDELETE FROM "users" WHERE "users"."id" = ?[0m  [["id", 17]]
  [1m[35m (7.5ms)[0m  [1m[36mcommit transaction[0m
  [1m[35m (0.1ms)[0m  [1m[36mbegin transaction[0m
  [1m[36mUser Destroy (0.3ms)[0m  [1m[31mDELETE FROM "users" WHERE "users"."id" = ?[0m  [["id", 18]]
  [1m[35m (1.0ms)[0m  [1m[36mcommit transaction[0m
  [1m[36mRecipe Load (0.2ms)[0m  [1m[34mSELECT "recipes".* FROM "recipes"[0m
  [1m[36mRecipeIngredient Load (0.1ms)[0m  [1m[34mSELECT "recipe_ingredients".* FROM "recipe_ingredients"[0m
  [1m[36mIngredient Load (0.2ms)[0m  [1m[34mSELECT "ingredients".* FROM "ingredients"[0m
  [1m[35m (0.0ms)[0m  [1m[36mbegin transaction[0m
  [1m[36mIngredient Destroy (0.3ms)[0m  [1m[31mDELETE FROM "ingredients" WHERE "ingredients"."id" = ?[0m  [["id", 16]]
  [1m[35m (1.1ms)[0m  [1m[36mcommit transaction[0m
  [1m[35m (0.1ms)[0m  [1m[36mbegin transaction[0m
  [1m[36mIngredient Destroy (0.5ms)[0m  [1m[31mDELETE FROM "ingredients" WHERE "ingredients"."id" = ?[0m  [["id", 17]]
  [1m[35m (0.8ms)[0m  [1m[36mcommit transaction[0m
  [1m[35m (0.0ms)[0m  [1m[36mbegin transaction[0m
  [1m[36mIngredient Destroy (0.3ms)[0m  [1m[31mDELETE FROM "ingredients" WHERE "ingredients"."id" = ?[0m  [["id", 18]]
  [1m[35m (0.8ms)[0m  [1m[36mcommit transaction[0m
  [1m[36mAllergy Load (0.1ms)[0m  [1m[34mSELECT "allergies".* FROM "allergies"[0m
  [1m[35m (0.0ms)[0m  [1m[36mbegin transaction[0m
  [1m[36mUser Create (0.4ms)[0m  [1m[32mINSERT INTO "users" ("name", "created_at", "updated_at") VALUES (?, ?, ?)[0m  [["name", "Marija"], ["created_at", "2020-01-15 19:07:59.619142"], ["updated_at", "2020-01-15 19:07:59.619142"]]
  [1m[35m (0.8ms)[0m  [1m[36mcommit transaction[0m
  [1m[35m (0.0ms)[0m  [1m[36mbegin transaction[0m
  [1m[36mUser Create (0.3ms)[0m  [1m[32mINSERT INTO "users" ("name", "created_at", "updated_at") VALUES (?, ?, ?)[0m  [["name", "Jenny"], ["created_at", "2020-01-15 19:07:59.623024"], ["updated_at", "2020-01-15 19:07:59.623024"]]
  [1m[35m (0.8ms)[0m  [1m[36mcommit transaction[0m
  [1m[35m (0.0ms)[0m  [1m[36mbegin transaction[0m
  [1m[36mUser Create (0.4ms)[0m  [1m[32mINSERT INTO "users" ("name", "created_at", "updated_at") VALUES (?, ?, ?)[0m  [["name", "Amia"], ["created_at", "2020-01-15 19:07:59.636881"], ["updated_at", "2020-01-15 19:07:59.636881"]]
  [1m[35m (0.8ms)[0m  [1m[36mcommit transaction[0m
  [1m[35m (0.0ms)[0m  [1m[36mbegin transaction[0m
  [1m[36mIngredient Create (0.4ms)[0m  [1m[32mINSERT INTO "ingredients" ("name", "created_at", "updated_at") VALUES (?, ?, ?)[0m  [["name", "Flour"], ["created_at", "2020-01-15 19:07:59.649510"], ["updated_at", "2020-01-15 19:07:59.649510"]]
  [1m[35m (0.7ms)[0m  [1m[36mcommit transaction[0m
  [1m[35m (0.0ms)[0m  [1m[36mbegin transaction[0m
  [1m[36mIngredient Create (0.3ms)[0m  [1m[32mINSERT INTO "ingredients" ("name", "created_at", "updated_at") VALUES (?, ?, ?)[0m  [["name", "Milk"], ["created_at", "2020-01-15 19:07:59.653647"], ["updated_at", "2020-01-15 19:07:59.653647"]]
  [1m[35m (0.9ms)[0m  [1m[36mcommit transaction[0m
  [1m[35m (0.0ms)[0m  [1m[36mbegin transaction[0m
  [1m[36mIngredient Create (0.4ms)[0m  [1m[32mINSERT INTO "ingredients" ("name", "created_at", "updated_at") VALUES (?, ?, ?)[0m  [["name", "Sugar"], ["created_at", "2020-01-15 19:07:59.657327"], ["updated_at", "2020-01-15 19:07:59.657327"]]
  [1m[35m (0.7ms)[0m  [1m[36mcommit transaction[0m
  [1m[35m (0.4ms)[0m  [1m[34mSELECT sqlite_version(*)[0m
  [1m[35m (0.2ms)[0m  [1m[34mSELECT "schema_migrations"."version" FROM "schema_migrations" ORDER BY "schema_migrations"."version" ASC[0m
  [1m[35m (0.1ms)[0m  [1m[34mSELECT sqlite_version(*)[0m
  [1m[36mUser Load (0.1ms)[0m  [1m[34mSELECT "users".* FROM "users"[0m
  [1m[35m (0.1ms)[0m  [1m[36mbegin transaction[0m
  [1m[36mUser Destroy (0.4ms)[0m  [1m[31mDELETE FROM "users" WHERE "users"."id" = ?[0m  [["id", 19]]
  [1m[35m (0.9ms)[0m  [1m[36mcommit transaction[0m
  [1m[35m (0.0ms)[0m  [1m[36mbegin transaction[0m
  [1m[36mUser Destroy (0.3ms)[0m  [1m[31mDELETE FROM "users" WHERE "users"."id" = ?[0m  [["id", 20]]
  [1m[35m (0.8ms)[0m  [1m[36mcommit transaction[0m
  [1m[35m (0.0ms)[0m  [1m[36mbegin transaction[0m
  [1m[36mUser Destroy (0.3ms)[0m  [1m[31mDELETE FROM "users" WHERE "users"."id" = ?[0m  [["id", 21]]
  [1m[35m (0.6ms)[0m  [1m[36mcommit transaction[0m
  [1m[36mRecipe Load (0.2ms)[0m  [1m[34mSELECT "recipes".* FROM "recipes"[0m
  [1m[36mRecipeIngredient Load (0.1ms)[0m  [1m[34mSELECT "recipe_ingredients".* FROM "recipe_ingredients"[0m
  [1m[36mIngredient Load (0.2ms)[0m  [1m[34mSELECT "ingredients".* FROM "ingredients"[0m
  [1m[35m (0.0ms)[0m  [1m[36mbegin transaction[0m
  [1m[36mIngredient Destroy (0.3ms)[0m  [1m[31mDELETE FROM "ingredients" WHERE "ingredients"."id" = ?[0m  [["id", 19]]
  [1m[35m (1.2ms)[0m  [1m[36mcommit transaction[0m
  [1m[35m (0.0ms)[0m  [1m[36mbegin transaction[0m
  [1m[36mIngredient Destroy (0.3ms)[0m  [1m[31mDELETE FROM "ingredients" WHERE "ingredients"."id" = ?[0m  [["id", 20]]
  [1m[35m (0.7ms)[0m  [1m[36mcommit transaction[0m
  [1m[35m (0.0ms)[0m  [1m[36mbegin transaction[0m
  [1m[36mIngredient Destroy (0.3ms)[0m  [1m[31mDELETE FROM "ingredients" WHERE "ingredients"."id" = ?[0m  [["id", 21]]
  [1m[35m (0.7ms)[0m  [1m[36mcommit transaction[0m
  [1m[36mAllergy Load (0.1ms)[0m  [1m[34mSELECT "allergies".* FROM "allergies"[0m
  [1m[35m (0.0ms)[0m  [1m[36mbegin transaction[0m
  [1m[36mUser Create (0.5ms)[0m  [1m[32mINSERT INTO "users" ("name", "created_at", "updated_at") VALUES (?, ?, ?)[0m  [["name", "Marija"], ["created_at", "2020-01-15 19:10:25.474943"], ["updated_at", "2020-01-15 19:10:25.474943"]]
  [1m[35m (0.8ms)[0m  [1m[36mcommit transaction[0m
  [1m[35m (0.0ms)[0m  [1m[36mbegin transaction[0m
  [1m[36mUser Create (0.3ms)[0m  [1m[32mINSERT INTO "users" ("name", "created_at", "updated_at") VALUES (?, ?, ?)[0m  [["name", "Jenny"], ["created_at", "2020-01-15 19:10:25.479287"], ["updated_at", "2020-01-15 19:10:25.479287"]]
  [1m[35m (0.8ms)[0m  [1m[36mcommit transaction[0m
  [1m[35m (0.0ms)[0m  [1m[36mbegin transaction[0m
  [1m[36mUser Create (0.3ms)[0m  [1m[32mINSERT INTO "users" ("name", "created_at", "updated_at") VALUES (?, ?, ?)[0m  [["name", "Amia"], ["created_at", "2020-01-15 19:10:25.483017"], ["updated_at", "2020-01-15 19:10:25.483017"]]
  [1m[35m (0.6ms)[0m  [1m[36mcommit transaction[0m
  [1m[35m (0.0ms)[0m  [1m[36mbegin transaction[0m
  [1m[36mIngredient Create (0.4ms)[0m  [1m[32mINSERT INTO "ingredients" ("name", "created_at", "updated_at") VALUES (?, ?, ?)[0m  [["name", "Flour"], ["created_at", "2020-01-15 19:10:25.506206"], ["updated_at", "2020-01-15 19:10:25.506206"]]
  [1m[35m (0.9ms)[0m  [1m[36mcommit transaction[0m
  [1m[35m (0.0ms)[0m  [1m[36mbegin transaction[0m
  [1m[36mIngredient Create (0.3ms)[0m  [1m[32mINSERT INTO "ingredients" ("name", "created_at", "updated_at") VALUES (?, ?, ?)[0m  [["name", "Milk"], ["created_at", "2020-01-15 19:10:25.510143"], ["updated_at", "2020-01-15 19:10:25.510143"]]
  [1m[35m (0.6ms)[0m  [1m[36mcommit transaction[0m
  [1m[35m (0.0ms)[0m  [1m[36mbegin transaction[0m
  [1m[36mIngredient Create (0.4ms)[0m  [1m[32mINSERT INTO "ingredients" ("name", "created_at", "updated_at") VALUES (?, ?, ?)[0m  [["name", "Sugar"], ["created_at", "2020-01-15 19:10:25.513786"], ["updated_at", "2020-01-15 19:10:25.513786"]]
  [1m[35m (0.8ms)[0m  [1m[36mcommit transaction[0m
  [1m[35m (0.0ms)[0m  [1m[36mbegin transaction[0m
  [1m[36mRecipeIngredient Create (0.3ms)[0m  [1m[32mINSERT INTO "recipe_ingredients" ("ingredient_id", "created_at", "updated_at") VALUES (?, ?, ?)[0m  [["ingredient_id", 24], ["created_at", "2020-01-15 19:10:25.523588"], ["updated_at", "2020-01-15 19:10:25.523588"]]
  [1m[35m (0.6ms)[0m  [1m[36mcommit transaction[0m
  [1m[35m (0.0ms)[0m  [1m[36mbegin transaction[0m
  [1m[36mRecipeIngredient Create (0.3ms)[0m  [1m[32mINSERT INTO "recipe_ingredients" ("ingredient_id", "created_at", "updated_at") VALUES (?, ?, ?)[0m  [["ingredient_id", 23], ["created_at", "2020-01-15 19:10:25.527650"], ["updated_at", "2020-01-15 19:10:25.527650"]]
  [1m[35m (0.8ms)[0m  [1m[36mcommit transaction[0m
  [1m[35m (0.0ms)[0m  [1m[36mbegin transaction[0m
  [1m[36mRecipeIngredient Create (0.3ms)[0m  [1m[32mINSERT INTO "recipe_ingredients" ("ingredient_id", "created_at", "updated_at") VALUES (?, ?, ?)[0m  [["ingredient_id", 22], ["created_at", "2020-01-15 19:10:25.531777"], ["updated_at", "2020-01-15 19:10:25.531777"]]
  [1m[35m (1.1ms)[0m  [1m[36mcommit transaction[0m
  [1m[35m (0.0ms)[0m  [1m[36mbegin transaction[0m
  [1m[36mAllergy Create (0.4ms)[0m  [1m[32mINSERT INTO "allergies" ("ingredient_id", "user_id", "created_at", "updated_at") VALUES (?, ?, ?, ?)[0m  [["ingredient_id", 23], ["user_id", 22], ["created_at", "2020-01-15 19:10:25.540046"], ["updated_at", "2020-01-15 19:10:25.540046"]]
  [1m[35m (0.8ms)[0m  [1m[36mcommit transaction[0m
  [1m[35m (0.0ms)[0m  [1m[36mbegin transaction[0m
  [1m[36mAllergy Create (0.3ms)[0m  [1m[32mINSERT INTO "allergies" ("ingredient_id", "user_id", "created_at", "updated_at") VALUES (?, ?, ?, ?)[0m  [["ingredient_id", 22], ["user_id", 23], ["created_at", "2020-01-15 19:10:25.543984"], ["updated_at", "2020-01-15 19:10:25.543984"]]
  [1m[35m (0.6ms)[0m  [1m[36mcommit transaction[0m
  [1m[35m (0.0ms)[0m  [1m[36mbegin transaction[0m
  [1m[36mAllergy Create (0.3ms)[0m  [1m[32mINSERT INTO "allergies" ("ingredient_id", "user_id", "created_at", "updated_at") VALUES (?, ?, ?, ?)[0m  [["ingredient_id", 24], ["user_id", 24], ["created_at", "2020-01-15 19:10:25.547805"], ["updated_at", "2020-01-15 19:10:25.547805"]]
  [1m[35m (0.9ms)[0m  [1m[36mcommit transaction[0m
  [1m[35m (0.5ms)[0m  [1m[34mSELECT sqlite_version(*)[0m
  [1m[36mAllergy Load (0.2ms)[0m  [1m[34mSELECT "allergies".* FROM "allergies" LIMIT ?[0m  [["LIMIT", 11]]
  [1m[36mRecipeIngredient Load (0.2ms)[0m  [1m[34mSELECT "recipe_ingredients".* FROM "recipe_ingredients" LIMIT ?[0m  [["LIMIT", 11]]
